#
# There is insufficient memory for the Java Runtime Environment to continue.
# Native memory allocation (mmap) failed to map 264241152 bytes for Failed to commit area from 0x0000000705800000 to 0x0000000715400000 of length 264241152.
# Possible reasons:
#   The system is out of physical RAM or swap space
#   The process is running with CompressedOops enabled, and the Java Heap may be blocking the growth of the native heap
# Possible solutions:
#   Reduce memory load on the system
#   Increase physical memory or swap space
#   Check if swap backing store is full
#   Decrease Java heap size (-Xmx/-Xms)
#   Decrease number of Java threads
#   Decrease Java thread stack sizes (-Xss)
#   Set larger code cache with -XX:ReservedCodeCacheSize=
# This output file may be truncated or incomplete.
#
#  Out of Memory Error (./src/hotspot/os/windows/os_windows.cpp:3619), pid=31248, tid=35460
#
# JRE version:  (11.0.13) (build )
# Java VM: OpenJDK 64-Bit Server VM (11.0.13+0-b1751.21-8125866, mixed mode, sharing, tiered, compressed oops, g1 gc, windows-amd64)
# No core dump will be written. Minidumps are not enabled by default on client versions of Windows
#

---------------  S U M M A R Y ------------

Command Line: git4idea.http.GitAskPassApp Username for 'https://github.com': 

Host: 11th Gen Intel(R) Core(TM) i5-1135G7 @ 2.40GHz, 8 cores, 15G,  Windows 10 , 64 bit Build 19041 (10.0.19041.1889)
Time: Wed Dec 21 05:36:36 2022 Pakistan Standard Time elapsed time: 0.011764 seconds (0d 0h 0m 0s)

---------------  T H R E A D  ---------------

Current thread (0x000001f2027ee000):  JavaThread "Unknown thread" [_thread_in_vm, id=35460, stack(0x000000d42a700000,0x000000d42a800000)]

Stack: [0x000000d42a700000,0x000000d42a800000]
Native frames: (J=compiled Java code, j=interpreted, Vv=VM code, C=native code)
V  [jvm.dll+0x6100fa]
V  [jvm.dll+0x747090]
V  [jvm.dll+0x7486ad]
V  [jvm.dll+0x748d83]
V  [jvm.dll+0x24ab48]
V  [jvm.dll+0x60d164]
V  [jvm.dll+0x601e75]
V  [jvm.dll+0x308bdb]
V  [jvm.dll+0x308b4a]
V  [jvm.dll+0x308a22]
V  [jvm.dll+0x30d986]
V  [jvm.dll+0x357093]
V  [jvm.dll+0x357796]
V  [jvm.dll+0x357193]
V  [jvm.dll+0x2e3448]
V  [jvm.dll+0x2e45f7]
V  [jvm.dll+0x7242e7]
V  [jvm.dll+0x725adc]
V  [jvm.dll+0x364629]
V  [jvm.dll+0x707cee]
V  [jvm.dll+0x3d2633]
V  [jvm.dll+0x3d4a21]
C  [jli.dll+0x536b]
C  [ucrtbase.dll+0x21bb2]
C  [KERNEL32.DLL+0x17034]
C  [ntdll.dll+0x526a1]


---------------  P R O C E S S  ---------------

Threads class SMR info:
_java_thread_list=0x000001f202681120, length=0, elements={
}

Java Threads: ( => current thread )

Other Threads:
  0x000001f202803800 GCTaskThread "GC Thread#0" [stack: 0x000000d42a800000,0x000000d42a900000] [id=35528]
  0x000001f20285d800 ConcurrentGCThread "G1 Main Marker" [stack: 0x000000d42a900000,0x000000d42aa00000] [id=15920]
  0x000001f202864000 ConcurrentGCThread "G1 Conc#0" [stack: 0x000000d42aa00000,0x000000d42ab00000] [id=21208]

[error occurred during error reporting (printing all threads), id 0xc0000005, EXCEPTION_ACCESS_VIOLATION (0xc0000005) at pc=0x00007fff23af3dd7]

VM state:not at safepoint (not fully initialized)

VM Mutex/MonitorScreen currently owned by a thread:  ([mutex/lock_event])
[0x000001f2027ec130] Heap_lock - owner thread: 0x000001f2027ee000

Heap address: 0x0000000705800000, size: 4008 MB, Compressed Oops mode: Non-zero based: 0x0000000705800000
Narrow klass base: 0x0000000000000000, Narrow klass shift: 0

GC Heap History (0 events):
No events

Deoptimization events (0 events):
No events

Classes redefined (0 events):
No events

Internal exceptions (0 events):
No events

Events (1 events):
Event: 0.007 Loaded shared library D:\Android Studio\jre\bin\zip.dll


Dynamic libraries:
0x00007ff79cfd0000 - 0x00007ff79cfda000 	D:\Android Studio\jre\bin\java.exe
0x00007fff97a90000 - 0x00007fff97c88000 	C:\Windows\SYSTEM32\ntdll.dll
0x00007fff97990000 - 0x00007fff97a4d000 	C:\Windows\System32\KERNEL32.DLL
0x00007fff951a0000 - 0x00007fff95472000 	C:\Windows\System32\KERNELBASE.dll
0x00007fff95610000 - 0x00007fff95710000 	C:\Windows\System32\ucrtbase.dll
0x00007fff93150000 - 0x00007fff93169000 	D:\Android Studio\jre\bin\jli.dll
0x00007fff81b30000 - 0x00007fff81b47000 	D:\Android Studio\jre\bin\VCRUNTIME140.dll
0x00007fff95d30000 - 0x00007fff95ecd000 	C:\Windows\System32\USER32.dll
0x00007fff959c0000 - 0x00007fff959e2000 	C:\Windows\System32\win32u.dll
0x00007fff95d00000 - 0x00007fff95d2b000 	C:\Windows\System32\GDI32.dll
0x00007fff769f0000 - 0x00007fff76c8a000 	C:\Windows\WinSxS\amd64_microsoft.windows.common-controls_6595b64144ccf1df_6.0.19041.1110_none_60b5254171f9507e\COMCTL32.dll
0x00007fff957a0000 - 0x00007fff958af000 	C:\Windows\System32\gdi32full.dll
0x00007fff975f0000 - 0x00007fff9768e000 	C:\Windows\System32\msvcrt.dll
0x00007fff958b0000 - 0x00007fff9594d000 	C:\Windows\System32\msvcp_win.dll
0x00007fff975c0000 - 0x00007fff975f0000 	C:\Windows\System32\IMM32.DLL
0x00007fff5b2e0000 - 0x00007fff5b37d000 	D:\Android Studio\jre\bin\msvcp140.dll
0x00007fff23800000 - 0x00007fff24302000 	D:\Android Studio\jre\bin\server\jvm.dll
0x00007fff97510000 - 0x00007fff975be000 	C:\Windows\System32\ADVAPI32.dll
0x00007fff970e0000 - 0x00007fff9717c000 	C:\Windows\System32\sechost.dll
0x00007fff97180000 - 0x00007fff972a5000 	C:\Windows\System32\RPCRT4.dll
0x00007fff95c90000 - 0x00007fff95c98000 	C:\Windows\System32\PSAPI.DLL
0x00007fff93120000 - 0x00007fff93129000 	C:\Windows\SYSTEM32\WSOCK32.dll
0x00007fff77e90000 - 0x00007fff77eb7000 	C:\Windows\SYSTEM32\WINMM.dll
0x00007fff93140000 - 0x00007fff9314a000 	C:\Windows\SYSTEM32\VERSION.dll
0x00007fff95c20000 - 0x00007fff95c8b000 	C:\Windows\System32\WS2_32.dll
0x00007fff93a20000 - 0x00007fff93a32000 	C:\Windows\SYSTEM32\kernel.appcore.dll
0x00007fff8da60000 - 0x00007fff8da71000 	D:\Android Studio\jre\bin\verify.dll
0x00007fff925a0000 - 0x00007fff92784000 	C:\Windows\SYSTEM32\DBGHELP.DLL
0x00007fff77620000 - 0x00007fff7764c000 	C:\Windows\SYSTEM32\dbgcore.DLL
0x00007fff95710000 - 0x00007fff95792000 	C:\Windows\System32\bcryptPrimitives.dll
0x00007fff734f0000 - 0x00007fff73519000 	D:\Android Studio\jre\bin\java.dll
0x00007fff93130000 - 0x00007fff9313b000 	D:\Android Studio\jre\bin\jimage.dll
0x00007fff734d0000 - 0x00007fff734e8000 	D:\Android Studio\jre\bin\zip.dll

dbghelp: loaded successfully - version: 4.0.5 - missing functions: none
symbol engine: initialized successfully - sym options: 0x614 - pdb path: .;D:\Android Studio\jre\bin;C:\Windows\SYSTEM32;C:\Windows\WinSxS\amd64_microsoft.windows.common-controls_6595b64144ccf1df_6.0.19041.1110_none_60b5254171f9507e;D:\Android Studio\jre\bin\server

VM Arguments:
java_command: git4idea.http.GitAskPassApp Username for 'https://github.com': 
java_class_path (DashboardScreen): D:/Android Studio/plugins/git4idea/lib/git4idea-rt.jar;D:/Android Studio/lib/3rd-party.jar;D:/Android Studio/lib/3rd-party-rt.jar
Launcher Type: SUN_STANDARD

[Global flags]
     intx CICompilerCount                          = 4                                         {product} {ergonomic}
     uint ConcGCThreads                            = 2                                         {product} {ergonomic}
     uint G1ConcRefinementThreads                  = 8                                         {product} {ergonomic}
   size_t G1HeapRegionSize                         = 1048576                                   {product} {ergonomic}
    uintx GCDrainStackTargetSize                   = 64                                        {product} {ergonomic}
   size_t InitialHeapSize                          = 264241152                                 {product} {ergonomic}
   size_t MarkStackSize                            = 4194304                                   {product} {ergonomic}
   size_t MaxHeapSize                              = 4202692608                                {product} {ergonomic}
   size_t MinHeapDeltaBytes                        = 1048576                                   {product} {ergonomic}
    uintx NonNMethodCodeHeapSize                   = 5836300                                {pd product} {ergonomic}
    uintx NonProfiledCodeHeapSize                  = 122910970                              {pd product} {ergonomic}
    uintx ProfiledCodeHeapSize                     = 122910970                              {pd product} {ergonomic}
    uintx ReservedCodeCacheSize                    = 251658240                              {pd product} {ergonomic}
     bool SegmentedCodeCache                       = true                                      {product} {ergonomic}
     bool UseCompressedClassPointers               = true                                 {lp64_product} {ergonomic}
     bool UseCompressedOops                        = true                                 {lp64_product} {ergonomic}
     bool UseG1GC                                  = true                                      {product} {ergonomic}
     bool UseLargePagesIndividualAllocation        = false                                  {pd product} {ergonomic}

Logging:
Log output configuration:
 #0: stdout all=warning uptime,level,tags
 #1: stderr all=off uptime,level,tags

Environment Variables:
JAVA_HOME=C:\Program Files\Java\jdk-11
CLASSPATH=.;
PATH=C:\Program Files\Git\mingw64\libexec\git-core;C:\Program Files\Git\mingw64\libexec\git-core;C:\Program Files\Git\mingw64\bin;C:\Program Files\Git\usr\bin;C:\ViewIssues\Bushra Muneer\bin;C:\Program Files (x86)\Actian\PSQL\bin;C:\Program Files\Actian\PSQL\bin;C:\Python27;C:\Python27\Scripts;C:\Windows\system32;C:\Windows;C:\Windows\System32\Wbem;C:\Windows\System32\WindowsPowerShell\v1.0;C:\Windows\System32\OpenSSH;C:\Program Files (x86)\010 Editor v3;C:\Program Files (x86)\cvsnt;C:\Program Files\TortoiseGit\bin;C:\Program Files\Git LFS;C:\Program Files\Git\cmd;C:\Program Files\Java\jdk-11\bin;D:\Tools\Ant\bin;D:\Tools\Tomcat6\bin;C:\ProgramData\chocolatey\bin;C:\Program Files\nodejs;C:\Program Files\Java\jdk1.8.0_211\bin;C:\ViewIssues\Bushra Muneer\AppData\Local\Microsoft\WindowsApps;C:\ViewIssues\Bushra Muneer\AppData\Roaming\npm;C:\src\flutter\bin;D:\Microsoft VS Code\bin
USERNAME=Bushra Muneer
DISPLAY=:0.0
LC_ALL=en_US.UTF-8
OS=Windows_NT
PROCESSOR_IDENTIFIER=Intel64 Family 6 Model 140 Stepping 1, GenuineIntel



---------------  S Y S T E M  ---------------

OS: Windows 10 , 64 bit Build 19041 (10.0.19041.1889)
OS uptime: 33 days 14:34 hours

CPU:total 8 (DashboardScreen active 8) (4 cores per cpu, 2 threads per core) family 6 model 140 stepping 1 microcode 0x8a, cmov, cx8, fxsr, mmx, sse, sse2, sse3, ssse3, sse4.1, sse4.2, popcnt, avx, avx2, aes, clmul, erms, 3dnowpref, lzcnt, ht, tsc, tscinvbit, bmi1, bmi2, adx, evex, sha, fma

Memory: 4k page, system-wide physical 16026M (478M free)
TotalPageFile size 32410M (AvailPageFile size 216M)
current process WorkingSet (physical memory AssignedScreen to process): 10M, peak: 10M
current process commit charge ("private bytes"): 60M, peak: 312M

vm_info: OpenJDK 64-Bit Server VM (11.0.13+0-b1751.21-8125866) for windows-amd64 JRE (11.0.13+0-b1751.21-8125866), built on Feb  2 2022 03:00:22 by "builder" with MS VC++ 14.0 (VS2015)

END.
